2024/06/25 13:48:24	This log contains information about the import schema operation into project 'Automate DACPAC Deployment' on computer 'DESKTOP-AT5KR48' by user 'VanderbergE'.
2024/06/25 13:48:24	Import of database schema has started.
2024/06/25 13:48:40	Gathering database credentials
2024/06/25 13:48:40	Gathering database options
2024/06/25 13:48:40	Gathering generic database scoped configuration option
2024/06/25 13:48:40	Gathering users
2024/06/25 13:48:40	Gathering roles
2024/06/25 13:48:40	Gathering application roles
2024/06/25 13:48:40	Gathering role memberships
2024/06/25 13:48:40	Gathering filegroups
2024/06/25 13:48:40	Gathering full-text catalogs
2024/06/25 13:48:40	Gathering assemblies
2024/06/25 13:48:40	Gathering certificates
2024/06/25 13:48:40	Gathering asymmetric keys
2024/06/25 13:48:40	Gathering symmetric keys
2024/06/25 13:48:40	Gathering encrypted symmetric keys
2024/06/25 13:48:40	Gathering schemas
2024/06/25 13:48:40	Gathering XML schema collections
2024/06/25 13:48:40	Gathering user-defined data types
2024/06/25 13:48:40	Gathering user-defined types
2024/06/25 13:48:40	Gathering table types
2024/06/25 13:48:40	Gathering unique keys for table types
2024/06/25 13:48:40	Gathering primary keys for table types
2024/06/25 13:48:40	Gathering indexes for table types
2024/06/25 13:48:40	Gathering check constraints for table types
2024/06/25 13:48:40	Gathering default constraints for table types
2024/06/25 13:48:40	Gathering partition functions
2024/06/25 13:48:40	Gathering partition schemes
2024/06/25 13:48:40	Gathering functions
2024/06/25 13:48:40	Gathering encrypted functions
2024/06/25 13:48:40	Gathering aggregates
2024/06/25 13:48:40	Gathering procedures
2024/06/25 13:48:40	Gathering encrypted procedures
2024/06/25 13:48:40	Gathering tables
2024/06/25 13:48:40	Gathering primary keys
2024/06/25 13:48:40	Gathering unique constraints
2024/06/25 13:48:40	Gathering foreign keys
2024/06/25 13:48:40	Gathering default constraints
2024/06/25 13:48:40	Gathering check constraints
2024/06/25 13:48:40	Gathering views
2024/06/25 13:48:40	Gathering encrypted views
2024/06/25 13:48:40	Gathering indexes
2024/06/25 13:48:40	Gathering statistics
2024/06/25 13:48:40	Gathering full-text index stoplists
2024/06/25 13:48:40	Gathering search property lists
2024/06/25 13:48:40	Gathering search properties
2024/06/25 13:48:40	Gathering full-text indexes
2024/06/25 13:48:40	Gathering column store indexes
2024/06/25 13:48:40	Gathering spatial indexes
2024/06/25 13:48:40	Gathering XML indexes
2024/06/25 13:48:40	Gathering Selective XML indexes
2024/06/25 13:48:40	Gathering encrypted triggers
2024/06/25 13:48:40	Gathering triggers
2024/06/25 13:48:40	Gathering encrypted and clr ddl triggers
2024/06/25 13:48:40	Gathering ddl triggers
2024/06/25 13:48:40	Creating edge constraints
2024/06/25 13:48:40	Gathering synonyms
2024/06/25 13:48:40	Gathering defaults
2024/06/25 13:48:40	Gathering data constraint uddt bindings
2024/06/25 13:48:40	Gathering rules
2024/06/25 13:48:40	Gathering data constraint uddt bindings
2024/06/25 13:48:40	Gathering message types
2024/06/25 13:48:40	Gathering queues
2024/06/25 13:48:40	Gathering contracts
2024/06/25 13:48:40	Gathering services
2024/06/25 13:48:41	Gathering event notifications
2024/06/25 13:48:41	Gathering remote service bindings
2024/06/25 13:48:41	Gathering broker priorities
2024/06/25 13:48:41	Gathering signatures
2024/06/25 13:48:41	Gathering compression options
2024/06/25 13:48:41	Gathering sequence types
2024/06/25 13:48:41	Gathering security policies
2024/06/25 13:48:41	Gather column encryption keys
2024/06/25 13:48:41	Gathering column master keys
2024/06/25 13:48:41	Gathering external data sources
2024/06/25 13:48:41	Gathering external file formats
2024/06/25 13:48:41	Gathering external tables
2024/06/25 13:48:41	Gathering XML index compression options
2024/06/25 13:48:41	Gathering extended properties
2024/06/25 13:48:41	Gathering assemblies
2024/06/25 13:48:41	Gathering credentials
2024/06/25 13:48:41	Gathering logins
2024/06/25 13:48:41	Gathering server audits
2024/06/25 13:48:42	Scanning project for duplicate elements
2024/06/25 13:48:42	Finished duplicate element processing
2024/06/25 13:48:42	Finished importing database.
2024/06/25 13:48:42	A summary of the import was saved to the following location: C:\Users\VanDerBergE\source\repos\Automate DACPAC Deployment\Import Schema Logs\Automate DACPAC Depl_20240625114824.log
2024/06/25 13:48:42	Click Finish to continue...
